app/build/outputs/logs/manifest-merger-debug-report.txt
-- Merging decision tree log ---
manifest
ADDED from src/main/AndroidManifest.xml:2:1-154:12
INJECTED from src/main/AndroidManifest.xml:2:1-154:12
INJECTED from src/main/AndroidManifest.xml:2:1-154:12
INJECTED from src/main/AndroidManifest.xml:2:1-154:12
MERGED from [com.facebook.android:facebook-android-sdk:4.28.0] AndroidManifest.xml:21:1-31:12
MERGED from [com.facebook.android:facebook-login:4.28.0] AndroidManifest.xml:21:1-31:12
MERGED from [com.facebook.android:facebook-share:4.28.0] AndroidManifest.xml:21:1-31:12
MERGED from [com.facebook.android:facebook-common:4.28.0] AndroidManifest.xml:21:1-36:12
MERGED from [com.android.support:appcompat-v7:26.1.0] AndroidManifest.xml:17:1-31:12
MERGED from [com.google.firebase:firebase-auth:11.6.0] AndroidManifest.xml:16:1-21:12
MERGED from [com.google.android.gms:play-services-maps:11.6.0] AndroidManifest.xml:16:1-25:12
MERGED from [com.android.support.constraint:constraint-layout:1.0.2] AndroidManifest.xml:2:1-11:12
MERGED from [com.google.android.gms:play-services-auth:11.6.0] AndroidManifest.xml:16:1-26:12
MERGED from [com.google.android.gms:play-services-auth-api-phone:11.6.0] AndroidManifest.xml:2:1-4:12
MERGED from [com.google.android.gms:play-services-auth-base:11.6.0] AndroidManifest.xml:2:1-5:12
MERGED from [com.google.android.gms:play-services-base:11.6.0] AndroidManifest.xml:16:1-21:12
MERGED from [com.android.support:cardview-v7:26.1.0] AndroidManifest.xml:17:1-28:12
MERGED from [com.android.support:customtabs:26.1.0] AndroidManifest.xml:17:1-28:12
MERGED from [com.google.firebase:firebase-core:11.6.0] AndroidManifest.xml:2:1-6:12
MERGED from [com.facebook.android:facebook-places:4.28.0] AndroidManifest.xml:21:1-31:12
MERGED from [com.facebook.android:facebook-applinks:4.28.0] AndroidManifest.xml:21:1-31:12
MERGED from [com.facebook.android:facebook-messenger:4.28.0] AndroidManifest.xml:21:1-31:12
MERGED from [com.facebook.android:facebook-core:4.28.0] AndroidManifest.xml:21:1-45:12
MERGED from [com.google.firebase:firebase-analytics:11.6.0] AndroidManifest.xml:16:1-35:12
MERGED from [com.google.firebase:firebase-analytics-impl:11.6.0] AndroidManifest.xml:16:1-29:12
MERGED from [com.google.firebase:firebase-iid:11.6.0] AndroidManifest.xml:16:1-47:12
MERGED from [com.google.firebase:firebase-common:11.6.0] AndroidManifest.xml:2:1-8:12
MERGED from [com.google.android.gms:play-services-tasks:11.6.0] AndroidManifest.xml:2:1-5:12
MERGED from [com.google.android.gms:play-services-basement:11.6.0] AndroidManifest.xml:16:1-23:12
MERGED from [com.android.support:support-v4:26.1.0] AndroidManifest.xml:17:1-31:12
MERGED from [com.android.support:support-media-compat:26.1.0] AndroidManifest.xml:17:1-31:12
MERGED from [com.android.support:support-fragment:26.1.0] AndroidManifest.xml:17:1-31:12
MERGED from [com.android.support:animated-vector-drawable:26.1.0] AndroidManifest.xml:17:1-28:12
MERGED from [com.android.support:support-core-ui:26.1.0] AndroidManifest.xml:17:1-31:12
MERGED from [com.android.support:support-core-utils:26.1.0] AndroidManifest.xml:17:1-31:12
MERGED from [com.android.support:support-vector-drawable:26.1.0] AndroidManifest.xml:17:1-28:12
MERGED from [com.android.support:support-compat:26.1.0] AndroidManifest.xml:17:1-31:12
MERGED from [com.google.firebase:firebase-auth-license:11.6.0] AndroidManifest.xml:2:1-6:12
MERGED from [com.google.android.gms:play-services-maps-license:11.6.0] AndroidManifest.xml:2:1-6:12
MERGED from [com.google.android.gms:play-services-base-license:11.6.0] AndroidManifest.xml:2:1-6:12
MERGED from [com.google.android.gms:play-services-basement-license:11.6.0] AndroidManifest.xml:2:1-6:12
MERGED from [com.google.firebase:firebase-common-license:11.6.0] AndroidManifest.xml:2:1-6:12
MERGED from [com.google.android.gms:play-services-tasks-license:11.6.0] AndroidManifest.xml:2:1-6:12
MERGED from [com.google.android.gms:play-services-auth-api-phone-license:11.6.0] AndroidManifest.xml:2:1-6:12
MERGED from [com.google.android.gms:play-services-auth-base-license:11.6.0] AndroidManifest.xml:2:1-6:12
MERGED from [android.arch.lifecycle:runtime:1.0.0] AndroidManifest.xml:17:1-30:12
MERGED from [com.google.firebase:firebase-analytics-license:11.6.0] AndroidManifest.xml:2:1-6:12
MERGED from [com.google.firebase:firebase-analytics-impl-license:11.6.0] AndroidManifest.xml:2:1-6:12
MERGED from [com.google.firebase:firebase-iid-license:11.6.0] AndroidManifest.xml:2:1-6:12
INJECTED from src/main/AndroidManifest.xml:2:1-154:12
INJECTED from src/main/AndroidManifest.xml:2:1-154:12
INJECTED from src/main/AndroidManifest.xml:2:1-154:12
	package
		ADDED from src/main/AndroidManifest.xml:3:5-45
		INJECTED from src/main/AndroidManifest.xml
		INJECTED from src/main/AndroidManifest.xml
	android:versionName
		INJECTED from src/main/AndroidManifest.xml
		ADDED from src/main/AndroidManifest.xml:2:1-154:12
		INJECTED from src/main/AndroidManifest.xml
	android:versionCode
		INJECTED from src/main/AndroidManifest.xml
		ADDED from src/main/AndroidManifest.xml:2:1-154:12
		INJECTED from src/main/AndroidManifest.xml
	xmlns:android
		ADDED from src/main/AndroidManifest.xml:2:11-69
uses-permission#android.permission.WRITE_EXTERNAL_STORAGE
ADDED from src/main/AndroidManifest.xml:5:5-81
	android:name
		ADDED from src/main/AndroidManifest.xml:5:22-78
uses-permission#android.permission.READ_PHONE_STATE
ADDED from src/main/AndroidManifest.xml:6:5-75
	android:name
		ADDED from src/main/AndroidManifest.xml:6:22-72
uses-permission#android.permission.READ_EXTERNAL_STORAGE
ADDED from src/main/AndroidManifest.xml:7:5-80
	android:name
		ADDED from src/main/AndroidManifest.xml:7:22-77
uses-permission#android.permission.INTERNET
ADDED from src/main/AndroidManifest.xml:8:5-67
MERGED from [com.google.android.gms:play-services-maps:11.6.0] AndroidManifest.xml:20:5-66
MERGED from [com.google.android.gms:play-services-maps:11.6.0] AndroidManifest.xml:20:5-66
MERGED from [com.google.firebase:firebase-analytics:11.6.0] AndroidManifest.xml:20:5-66
MERGED from [com.google.firebase:firebase-analytics:11.6.0] AndroidManifest.xml:20:5-66
MERGED from [com.google.firebase:firebase-analytics-impl:11.6.0] AndroidManifest.xml:20:5-66
MERGED from [com.google.firebase:firebase-analytics-impl:11.6.0] AndroidManifest.xml:20:5-66
MERGED from [com.google.firebase:firebase-iid:11.6.0] AndroidManifest.xml:20:5-66
MERGED from [com.google.firebase:firebase-iid:11.6.0] AndroidManifest.xml:20:5-66
	android:name
		ADDED from src/main/AndroidManifest.xml:8:22-64
uses-permission#android.permission.ACCESS_FINE_LOCATION
ADDED from src/main/AndroidManifest.xml:9:5-79
	android:name
		ADDED from src/main/AndroidManifest.xml:9:22-76
uses-permission#android.permission.ACCESS_COARSE_LOCATION
ADDED from src/main/AndroidManifest.xml:10:5-81
	android:name
		ADDED from src/main/AndroidManifest.xml:10:22-78
uses-permission#android.permission.READ_CONTACTS
ADDED from src/main/AndroidManifest.xml:11:5-72
	android:name
		ADDED from src/main/AndroidManifest.xml:11:22-69
uses-permission#android.permission.CAMERA
ADDED from src/main/AndroidManifest.xml:12:5-65
	android:name
		ADDED from src/main/AndroidManifest.xml:12:22-62
uses-feature#android.hardware.camera
ADDED from src/main/AndroidManifest.xml:14:5-60
	android:name
		ADDED from src/main/AndroidManifest.xml:14:19-57
uses-feature#android.hardware.camera.autofocus
ADDED from src/main/AndroidManifest.xml:15:5-70
	android:name
		ADDED from src/main/AndroidManifest.xml:15:19-67
application
ADDED from src/main/AndroidManifest.xml:17:5-152:19
MERGED from [com.facebook.android:facebook-android-sdk:4.28.0] AndroidManifest.xml:28:5-29:19
MERGED from [com.facebook.android:facebook-android-sdk:4.28.0] AndroidManifest.xml:28:5-29:19
MERGED from [com.facebook.android:facebook-login:4.28.0] AndroidManifest.xml:28:5-29:19
MERGED from [com.facebook.android:facebook-login:4.28.0] AndroidManifest.xml:28:5-29:19
MERGED from [com.facebook.android:facebook-share:4.28.0] AndroidManifest.xml:28:5-29:19
MERGED from [com.facebook.android:facebook-share:4.28.0] AndroidManifest.xml:28:5-29:19
MERGED from [com.facebook.android:facebook-common:4.28.0] AndroidManifest.xml:28:5-34:19
MERGED from [com.facebook.android:facebook-common:4.28.0] AndroidManifest.xml:28:5-34:19
MERGED from [com.android.support:appcompat-v7:26.1.0] AndroidManifest.xml:25:5-29:19
MERGED from [com.android.support:appcompat-v7:26.1.0] AndroidManifest.xml:25:5-29:19
MERGED from [com.google.firebase:firebase-auth:11.6.0] AndroidManifest.xml:19:5-20:19
MERGED from [com.google.firebase:firebase-auth:11.6.0] AndroidManifest.xml:19:5-20:19
MERGED from [com.google.android.gms:play-services-maps:11.6.0] AndroidManifest.xml:24:5-19
MERGED from [com.google.android.gms:play-services-maps:11.6.0] AndroidManifest.xml:24:5-19
MERGED from [com.android.support.constraint:constraint-layout:1.0.2] AndroidManifest.xml:9:5-20
MERGED from [com.android.support.constraint:constraint-layout:1.0.2] AndroidManifest.xml:9:5-20
MERGED from [com.google.android.gms:play-services-auth:11.6.0] AndroidManifest.xml:19:5-25:19
MERGED from [com.google.android.gms:play-services-auth:11.6.0] AndroidManifest.xml:19:5-25:19
MERGED from [com.google.android.gms:play-services-base:11.6.0] AndroidManifest.xml:18:5-20:19
MERGED from [com.google.android.gms:play-services-base:11.6.0] AndroidManifest.xml:18:5-20:19
MERGED from [com.android.support:cardview-v7:26.1.0] AndroidManifest.xml:22:5-26:19
MERGED from [com.android.support:cardview-v7:26.1.0] AndroidManifest.xml:22:5-26:19
MERGED from [com.android.support:customtabs:26.1.0] AndroidManifest.xml:22:5-26:19
MERGED from [com.android.support:customtabs:26.1.0] AndroidManifest.xml:22:5-26:19
MERGED from [com.google.firebase:firebase-core:11.6.0] AndroidManifest.xml:5:5-20
MERGED from [com.google.firebase:firebase-core:11.6.0] AndroidManifest.xml:5:5-20
MERGED from [com.facebook.android:facebook-places:4.28.0] AndroidManifest.xml:28:5-29:19
MERGED from [com.facebook.android:facebook-places:4.28.0] AndroidManifest.xml:28:5-29:19
MERGED from [com.facebook.android:facebook-applinks:4.28.0] AndroidManifest.xml:28:5-29:19
MERGED from [com.facebook.android:facebook-applinks:4.28.0] AndroidManifest.xml:28:5-29:19
MERGED from [com.facebook.android:facebook-messenger:4.28.0] AndroidManifest.xml:28:5-29:19
MERGED from [com.facebook.android:facebook-messenger:4.28.0] AndroidManifest.xml:28:5-29:19
MERGED from [com.facebook.android:facebook-core:4.28.0] AndroidManifest.xml:28:5-43:19
MERGED from [com.facebook.android:facebook-core:4.28.0] AndroidManifest.xml:28:5-43:19
MERGED from [com.google.firebase:firebase-analytics:11.6.0] AndroidManifest.xml:24:5-34:19
MERGED from [com.google.firebase:firebase-analytics:11.6.0] AndroidManifest.xml:24:5-34:19
MERGED from [com.google.firebase:firebase-analytics-impl:11.6.0] AndroidManifest.xml:24:5-28:19
MERGED from [com.google.firebase:firebase-analytics-impl:11.6.0] AndroidManifest.xml:24:5-28:19
MERGED from [com.google.firebase:firebase-iid:11.6.0] AndroidManifest.xml:29:5-46:19
MERGED from [com.google.firebase:firebase-iid:11.6.0] AndroidManifest.xml:29:5-46:19
MERGED from [com.google.firebase:firebase-common:11.6.0] AndroidManifest.xml:4:5-7:19
MERGED from [com.google.firebase:firebase-common:11.6.0] AndroidManifest.xml:4:5-7:19
MERGED from [com.google.android.gms:play-services-tasks:11.6.0] AndroidManifest.xml:4:5-19
MERGED from [com.google.android.gms:play-services-tasks:11.6.0] AndroidManifest.xml:4:5-19
MERGED from [com.google.android.gms:play-services-basement:11.6.0] AndroidManifest.xml:19:5-21:19
MERGED from [com.google.android.gms:play-services-basement:11.6.0] AndroidManifest.xml:19:5-21:19
MERGED from [com.android.support:support-v4:26.1.0] AndroidManifest.xml:25:5-29:19
MERGED from [com.android.support:support-v4:26.1.0] AndroidManifest.xml:25:5-29:19
MERGED from [com.android.support:support-media-compat:26.1.0] AndroidManifest.xml:25:5-29:19
MERGED from [com.android.support:support-media-compat:26.1.0] AndroidManifest.xml:25:5-29:19
MERGED from [com.android.support:support-fragment:26.1.0] AndroidManifest.xml:25:5-29:19
MERGED from [com.android.support:support-fragment:26.1.0] AndroidManifest.xml:25:5-29:19
MERGED from [com.android.support:animated-vector-drawable:26.1.0] AndroidManifest.xml:22:5-26:19
MERGED from [com.android.support:animated-vector-drawable:26.1.0] AndroidManifest.xml:22:5-26:19
MERGED from [com.android.support:support-core-ui:26.1.0] AndroidManifest.xml:25:5-29:19
MERGED from [com.android.support:support-core-ui:26.1.0] AndroidManifest.xml:25:5-29:19
MERGED from [com.android.support:support-core-utils:26.1.0] AndroidManifest.xml:25:5-29:19
MERGED from [com.android.support:support-core-utils:26.1.0] AndroidManifest.xml:25:5-29:19
MERGED from [com.android.support:support-vector-drawable:26.1.0] AndroidManifest.xml:22:5-26:19
MERGED from [com.android.support:support-vector-drawable:26.1.0] AndroidManifest.xml:22:5-26:19
MERGED from [com.android.support:support-compat:26.1.0] AndroidManifest.xml:25:5-29:19
MERGED from [com.android.support:support-compat:26.1.0] AndroidManifest.xml:25:5-29:19
MERGED from [com.google.firebase:firebase-auth-license:11.6.0] AndroidManifest.xml:5:5-20
MERGED from [com.google.firebase:firebase-auth-license:11.6.0] AndroidManifest.xml:5:5-20
MERGED from [com.google.android.gms:play-services-maps-license:11.6.0] AndroidManifest.xml:5:5-20
MERGED from [com.google.android.gms:play-services-maps-license:11.6.0] AndroidManifest.xml:5:5-20
MERGED from [com.google.android.gms:play-services-base-license:11.6.0] AndroidManifest.xml:5:5-20
MERGED from [com.google.android.gms:play-services-base-license:11.6.0] AndroidManifest.xml:5:5-20
MERGED from [com.google.android.gms:play-services-basement-license:11.6.0] AndroidManifest.xml:5:5-20
MERGED from [com.google.android.gms:play-services-basement-license:11.6.0] AndroidManifest.xml:5:5-20
MERGED from [com.google.firebase:firebase-common-license:11.6.0] AndroidManifest.xml:5:5-20
MERGED from [com.google.firebase:firebase-common-license:11.6.0] AndroidManifest.xml:5:5-20
MERGED from [com.google.android.gms:play-services-tasks-license:11.6.0] AndroidManifest.xml:5:5-20
MERGED from [com.google.android.gms:play-services-tasks-license:11.6.0] AndroidManifest.xml:5:5-20
MERGED from [com.google.android.gms:play-services-auth-api-phone-license:11.6.0] AndroidManifest.xml:5:5-20
MERGED from [com.google.android.gms:play-services-auth-api-phone-license:11.6.0] AndroidManifest.xml:5:5-20
MERGED from [com.google.android.gms:play-services-auth-base-license:11.6.0] AndroidManifest.xml:5:5-20
MERGED from [com.google.android.gms:play-services-auth-base-license:11.6.0] AndroidManifest.xml:5:5-20
MERGED from [android.arch.lifecycle:runtime:1.0.0] AndroidManifest.xml:24:5-28:19
MERGED from [android.arch.lifecycle:runtime:1.0.0] AndroidManifest.xml:24:5-28:19
MERGED from [com.google.firebase:firebase-analytics-license:11.6.0] AndroidManifest.xml:5:5-20
MERGED from [com.google.firebase:firebase-analytics-license:11.6.0] AndroidManifest.xml:5:5-20
MERGED from [com.google.firebase:firebase-analytics-impl-license:11.6.0] AndroidManifest.xml:5:5-20
MERGED from [com.google.firebase:firebase-analytics-impl-license:11.6.0] AndroidManifest.xml:5:5-20
MERGED from [com.google.firebase:firebase-iid-license:11.6.0] AndroidManifest.xml:5:5-20
MERGED from [com.google.firebase:firebase-iid-license:11.6.0] AndroidManifest.xml:5:5-20
	android:supportsRtl
		ADDED from [com.facebook.android:facebook-android-sdk:4.28.0] AndroidManifest.xml:28:18-44
	android:label
		ADDED from src/main/AndroidManifest.xml:20:9-41
	android:icon
		ADDED from src/main/AndroidManifest.xml:19:9-38
	android:theme
		ADDED from src/main/AndroidManifest.xml:21:9-40
	android:name
		ADDED from src/main/AndroidManifest.xml:18:9-67
service#com.pablomonteserin.notifications.notificaciones_desde_servicio_modifican_activity.NotificacionesServicio
ADDED from src/main/AndroidManifest.xml:22:9-141
	android:name
		ADDED from src/main/AndroidManifest.xml:22:18-138
service#com.pablomonteserin.notifications.ejercicio_yoga.CountDownTimerService
ADDED from src/main/AndroidManifest.xml:23:9-106
	android:name
		ADDED from src/main/AndroidManifest.xml:23:18-103
meta-data#com.facebook.sdk.ApplicationId
ADDED from src/main/AndroidManifest.xml:25:9-27:55
	android:value
		ADDED from src/main/AndroidManifest.xml:27:13-52
	android:name
		ADDED from src/main/AndroidManifest.xml:26:13-58
activity#com.pablomonteserin.Main
ADDED from src/main/AndroidManifest.xml:29:9-37:20
	android:label
		ADDED from src/main/AndroidManifest.xml:31:13-45
	android:name
		ADDED from src/main/AndroidManifest.xml:30:13-52
intent-filter#android.intent.action.MAIN+android.intent.category.LAUNCHER
ADDED from src/main/AndroidManifest.xml:32:13-36:29
action#android.intent.action.MAIN
ADDED from src/main/AndroidManifest.xml:33:17-69
	android:name
		ADDED from src/main/AndroidManifest.xml:33:25-66
category#android.intent.category.LAUNCHER
ADDED from src/main/AndroidManifest.xml:35:17-77
	android:name
		ADDED from src/main/AndroidManifest.xml:35:27-74
activity#com.pablomonteserin.layouts.A_HelloWorldActivity
ADDED from src/main/AndroidManifest.xml:38:9-85
	android:name
		ADDED from src/main/AndroidManifest.xml:38:19-82
activity#com.pablomonteserin.layouts.B_HelloWorldEjercicioActivity
ADDED from src/main/AndroidManifest.xml:39:9-94
	android:name
		ADDED from src/main/AndroidManifest.xml:39:19-91
activity#com.pablomonteserin.layouts.C_AllLayoutsActivity
ADDED from src/main/AndroidManifest.xml:40:9-85
	android:name
		ADDED from src/main/AndroidManifest.xml:40:19-82
activity#com.pablomonteserin.layouts.AllLayoutsPackage.Frame
ADDED from src/main/AndroidManifest.xml:41:9-88
	android:name
		ADDED from src/main/AndroidManifest.xml:41:19-85
activity#com.pablomonteserin.layouts.AllLayoutsPackage.GridL
ADDED from src/main/AndroidManifest.xml:42:9-88
	android:name
		ADDED from src/main/AndroidManifest.xml:42:19-85
activity#com.pablomonteserin.layouts.AllLayoutsPackage.Linear
ADDED from src/main/AndroidManifest.xml:43:9-89
	android:name
		ADDED from src/main/AndroidManifest.xml:43:19-86
activity#com.pablomonteserin.layouts.AllLayoutsPackage.Relative
ADDED from src/main/AndroidManifest.xml:44:9-91
	android:name
		ADDED from src/main/AndroidManifest.xml:44:19-88
activity#com.pablomonteserin.layouts.AllLayoutsPackage.TableL
ADDED from src/main/AndroidManifest.xml:45:9-89
	android:name
		ADDED from src/main/AndroidManifest.xml:45:19-86
activity#com.pablomonteserin.layouts.E_ContenidoScrollable
ADDED from src/main/AndroidManifest.xml:46:9-86
	android:name
		ADDED from src/main/AndroidManifest.xml:46:19-83
activity#com.pablomonteserin.layouts.D_EjercicioLinearLayout
ADDED from src/main/AndroidManifest.xml:47:9-88
	android:name
		ADDED from src/main/AndroidManifest.xml:47:19-85
activity#com.pablomonteserin.layouts.F_CargaImagenActivity
ADDED from src/main/AndroidManifest.xml:48:9-86
	android:name
		ADDED from src/main/AndroidManifest.xml:48:19-83
activity#com.pablomonteserin.Styles
ADDED from src/main/AndroidManifest.xml:49:9-63
	android:name
		ADDED from src/main/AndroidManifest.xml:49:19-60
activity#com.pablomonteserin.styles.CambiaBackground
ADDED from src/main/AndroidManifest.xml:50:9-80
	android:name
		ADDED from src/main/AndroidManifest.xml:50:19-77
activity#com.pablomonteserin.styles.Degradado
ADDED from src/main/AndroidManifest.xml:51:9-73
	android:name
		ADDED from src/main/AndroidManifest.xml:51:19-70
activity#com.pablomonteserin.styles.MaquetarBoton
ADDED from src/main/AndroidManifest.xml:52:9-77
	android:name
		ADDED from src/main/AndroidManifest.xml:52:19-74
activity#com.pablomonteserin.styles.Color
ADDED from src/main/AndroidManifest.xml:53:9-69
	android:name
		ADDED from src/main/AndroidManifest.xml:53:19-66
activity#com.pablomonteserin.styles.BackgroundNoRepeat
ADDED from src/main/AndroidManifest.xml:54:9-82
	android:name
		ADDED from src/main/AndroidManifest.xml:54:19-79
activity#com.pablomonteserin.styles.BackgroundRepeat
ADDED from src/main/AndroidManifest.xml:55:9-80
	android:name
		ADDED from src/main/AndroidManifest.xml:55:19-77
activity#com.pablomonteserin.styles.Estilos
ADDED from src/main/AndroidManifest.xml:56:9-71
	android:name
		ADDED from src/main/AndroidManifest.xml:56:19-68
activity#com.pablomonteserin.styles.Themes
ADDED from src/main/AndroidManifest.xml:57:9-59:65
	android:theme
		ADDED from src/main/AndroidManifest.xml:59:13-62
	android:name
		ADDED from src/main/AndroidManifest.xml:58:13-61
activity#com.pablomonteserin.draws.circulo.Main
ADDED from src/main/AndroidManifest.xml:60:9-75
	android:name
		ADDED from src/main/AndroidManifest.xml:60:19-72
activity#com.pablomonteserin.Draw
ADDED from src/main/AndroidManifest.xml:61:9-61
	android:name
		ADDED from src/main/AndroidManifest.xml:61:19-58
activity#com.pablomonteserin.layouts.I_Menu
ADDED from src/main/AndroidManifest.xml:62:9-71
	android:name
		ADDED from src/main/AndroidManifest.xml:62:19-68
activity#com.pablomonteserin.Animatium
ADDED from src/main/AndroidManifest.xml:63:9-66
	android:name
		ADDED from src/main/AndroidManifest.xml:63:19-63
activity#com.pablomonteserin.animatium.Transition
ADDED from src/main/AndroidManifest.xml:64:9-77
	android:name
		ADDED from src/main/AndroidManifest.xml:64:19-74
activity#com.pablomonteserin.animatium.TweenM
ADDED from src/main/AndroidManifest.xml:65:9-73
	android:name
		ADDED from src/main/AndroidManifest.xml:65:19-70
activity#com.pablomonteserin.animatium.AnimationSet
ADDED from src/main/AndroidManifest.xml:66:9-79
	android:name
		ADDED from src/main/AndroidManifest.xml:66:19-76
activity#com.pablomonteserin.animatium.FrameByFrame
ADDED from src/main/AndroidManifest.xml:67:9-79
	android:name
		ADDED from src/main/AndroidManifest.xml:67:19-76
activity#com.pablomonteserin.listview.A_ExtendiendoListActivity
ADDED from src/main/AndroidManifest.xml:68:9-91
	android:name
		ADDED from src/main/AndroidManifest.xml:68:19-88
activity#com.pablomonteserin.Listados
ADDED from src/main/AndroidManifest.xml:69:9-65
	android:name
		ADDED from src/main/AndroidManifest.xml:69:19-62
activity#com.pablomonteserin.animatium.Interpolacion
ADDED from src/main/AndroidManifest.xml:70:9-80
	android:name
		ADDED from src/main/AndroidManifest.xml:70:19-77
activity#com.pablomonteserin.listview.B_SinExtenderListActivity
ADDED from src/main/AndroidManifest.xml:71:9-91
	android:name
		ADDED from src/main/AndroidManifest.xml:71:19-88
activity#com.pablomonteserin.listview.ConLayoutPersonalizado
ADDED from src/main/AndroidManifest.xml:72:9-88
	android:name
		ADDED from src/main/AndroidManifest.xml:72:19-85
activity#com.pablomonteserin.listview.ConBaseAdapter
ADDED from src/main/AndroidManifest.xml:73:9-80
	android:name
		ADDED from src/main/AndroidManifest.xml:73:19-77
activity#com.pablomonteserin.listview.Optimizacion1
ADDED from src/main/AndroidManifest.xml:74:9-79
	android:name
		ADDED from src/main/AndroidManifest.xml:74:19-76
activity#com.pablomonteserin.listview.Optimizacion2
ADDED from src/main/AndroidManifest.xml:75:9-79
	android:name
		ADDED from src/main/AndroidManifest.xml:75:19-76
activity#com.pablomonteserin.almacenamiento.preferencias.Preferencias
ADDED from src/main/AndroidManifest.xml:76:9-97
	android:name
		ADDED from src/main/AndroidManifest.xml:76:19-94
activity#com.pablomonteserin.Almacenamiento
ADDED from src/main/AndroidManifest.xml:77:9-71
	android:name
		ADDED from src/main/AndroidManifest.xml:77:19-68
activity#com.pablomonteserin.almacenamiento.preferencias.PreferencesActivity
ADDED from src/main/AndroidManifest.xml:78:9-104
	android:name
		ADDED from src/main/AndroidManifest.xml:78:19-101
activity#com.pablomonteserin.almacenamiento.preferencias.VerResultados
ADDED from src/main/AndroidManifest.xml:79:9-98
	android:name
		ADDED from src/main/AndroidManifest.xml:79:19-95
activity#com.pablomonteserin.almacenamiento.Sqlite
ADDED from src/main/AndroidManifest.xml:80:9-78
	android:name
		ADDED from src/main/AndroidManifest.xml:80:19-75
activity#com.pablomonteserin.almacenamiento.Ejercicio
ADDED from src/main/AndroidManifest.xml:81:9-81
	android:name
		ADDED from src/main/AndroidManifest.xml:81:19-78
activity#com.pablomonteserin.Layouts
ADDED from src/main/AndroidManifest.xml:82:9-64
	android:name
		ADDED from src/main/AndroidManifest.xml:82:19-61
activity#com.pablomonteserin.Multimedia
ADDED from src/main/AndroidManifest.xml:83:9-67
	android:name
		ADDED from src/main/AndroidManifest.xml:83:19-64
activity#com.pablomonteserin.multimedia.Audio
ADDED from src/main/AndroidManifest.xml:84:9-73
	android:name
		ADDED from src/main/AndroidManifest.xml:84:19-70
activity#com.pablomonteserin.multimedia.Camera
ADDED from src/main/AndroidManifest.xml:85:9-74
	android:name
		ADDED from src/main/AndroidManifest.xml:85:19-71
activity#com.pablomonteserin.multimedia.Streaming
ADDED from src/main/AndroidManifest.xml:86:9-77
	android:name
		ADDED from src/main/AndroidManifest.xml:86:19-74
activity#com.pablomonteserin.multimedia.Video
ADDED from src/main/AndroidManifest.xml:87:9-73
	android:name
		ADDED from src/main/AndroidManifest.xml:87:19-70
activity#com.pablomonteserin.dialogs.AlertDialogEjemplo
ADDED from src/main/AndroidManifest.xml:88:9-83
	android:name
		ADDED from src/main/AndroidManifest.xml:88:19-80
activity#com.pablomonteserin.draws.path.PathActivity
ADDED from src/main/AndroidManifest.xml:89:9-80
	android:name
		ADDED from src/main/AndroidManifest.xml:89:19-77
activity#com.pablomonteserin.draws.path2.PathIIActivity
ADDED from src/main/AndroidManifest.xml:90:9-83
	android:name
		ADDED from src/main/AndroidManifest.xml:90:19-80
activity#com.pablomonteserin.draws.rect.PaintRectActivity
ADDED from src/main/AndroidManifest.xml:91:9-85
	android:name
		ADDED from src/main/AndroidManifest.xml:91:19-82
activity#com.pablomonteserin.draws.rect_filled.PaintFilledRect
ADDED from src/main/AndroidManifest.xml:92:9-90
	android:name
		ADDED from src/main/AndroidManifest.xml:92:19-87
activity#com.pablomonteserin.draws.repaint.Repaint
ADDED from src/main/AndroidManifest.xml:93:9-78
	android:name
		ADDED from src/main/AndroidManifest.xml:93:19-75
activity#com.pablomonteserin.dialogs.ProgressBarDialog
ADDED from src/main/AndroidManifest.xml:94:9-82
	android:name
		ADDED from src/main/AndroidManifest.xml:94:19-79
activity#com.pablomonteserin.Dialog
ADDED from src/main/AndroidManifest.xml:95:9-63
	android:name
		ADDED from src/main/AndroidManifest.xml:95:19-60
activity#com.pablomonteserin.almacenamiento.plantas.basico.InfoActivity
ADDED from src/main/AndroidManifest.xml:96:9-99
	android:name
		ADDED from src/main/AndroidManifest.xml:96:19-96
activity#com.pablomonteserin.almacenamiento.plantas.basico.MisPlantasActivity
ADDED from src/main/AndroidManifest.xml:97:9-105
	android:name
		ADDED from src/main/AndroidManifest.xml:97:19-102
activity#com.pablomonteserin.almacenamiento.plantas.con_shared_preferences.InfoActivity
ADDED from src/main/AndroidManifest.xml:98:9-115
	android:name
		ADDED from src/main/AndroidManifest.xml:98:19-112
activity#com.pablomonteserin.almacenamiento.plantas.con_shared_preferences.MisPlantasActivity2
ADDED from src/main/AndroidManifest.xml:99:9-122
	android:name
		ADDED from src/main/AndroidManifest.xml:99:19-119
activity#com.pablomonteserin.almacenamiento.plantas.con_alarma.InfoActivity3
ADDED from src/main/AndroidManifest.xml:100:9-104
	android:name
		ADDED from src/main/AndroidManifest.xml:100:19-101
activity#com.pablomonteserin.almacenamiento.plantas.con_alarma.MisPlantasActivity3
ADDED from src/main/AndroidManifest.xml:101:9-110
	android:name
		ADDED from src/main/AndroidManifest.xml:101:19-107
receiver#com.pablomonteserin.almacenamiento.plantas.con_alarma.AlarmaReceiver
ADDED from src/main/AndroidManifest.xml:103:9-105
	android:name
		ADDED from src/main/AndroidManifest.xml:103:19-102
activity#com.pablomonteserin.Maps
ADDED from src/main/AndroidManifest.xml:105:9-61
	android:name
		ADDED from src/main/AndroidManifest.xml:105:19-58
activity#com.pablomonteserin.mapas.LocationManagerActivity
ADDED from src/main/AndroidManifest.xml:106:9-86
	android:name
		ADDED from src/main/AndroidManifest.xml:106:19-83
activity#com.pablomonteserin.mapas.LocationManagerConInterfaceSoloFuncionaConCambioDePosicion
ADDED from src/main/AndroidManifest.xml:107:9-121
	android:name
		ADDED from src/main/AndroidManifest.xml:107:19-118
activity#com.pablomonteserin.mapas.conFragmento.Main
ADDED from src/main/AndroidManifest.xml:108:9-80
	android:name
		ADDED from src/main/AndroidManifest.xml:108:19-77
activity#com.pablomonteserin.mapas.Monumentos.Main
ADDED from src/main/AndroidManifest.xml:109:9-78
	android:name
		ADDED from src/main/AndroidManifest.xml:109:19-75
activity#com.pablomonteserin.mapas.Monumentos.LugarActivity
ADDED from src/main/AndroidManifest.xml:110:9-87
	android:name
		ADDED from src/main/AndroidManifest.xml:110:19-84
activity#com.pablomonteserin.notifications.Notificaciones
ADDED from src/main/AndroidManifest.xml:111:9-85
	android:name
		ADDED from src/main/AndroidManifest.xml:111:19-82
activity#com.pablomonteserin.notifications.notificaciones_abriendo_activity.NotificacionesAbriendoUnActivity
ADDED from src/main/AndroidManifest.xml:112:9-136
	android:name
		ADDED from src/main/AndroidManifest.xml:112:19-133
activity#com.pablomonteserin.notifications.notificaciones_desde_servicio_modifican_activity.NotificacionesActivityAbierto2
ADDED from src/main/AndroidManifest.xml:113:9-150
	android:name
		ADDED from src/main/AndroidManifest.xml:113:19-147
meta-data#com.google.android.gms.version
ADDED from src/main/AndroidManifest.xml:115:9-117:69
MERGED from [com.google.android.gms:play-services-basement:11.6.0] AndroidManifest.xml:20:9-121
MERGED from [com.google.android.gms:play-services-basement:11.6.0] AndroidManifest.xml:20:9-121
	android:value
		ADDED from src/main/AndroidManifest.xml:117:13-66
	android:name
		ADDED from src/main/AndroidManifest.xml:116:13-58
meta-data#com.google.android.geo.API_KEY
ADDED from src/main/AndroidManifest.xml:118:9-120:71